<?xml version="1.0" encoding="UTF-8"?>
<!-- Generated by org.testng.reporters.JUnitReportReporter -->
<testsuite skipped="0" hostname="MSI" name="test.LoginTest" tests="1" failures="0" timestamp="2022-08-22T21:59:03 GMT-05:00" time="8.779" errors="0">
  <testcase name="validUserShouldBeAbleToLogin" time="8.779" classname="test.LoginTest"/>
  <system-out/>
</testsuite> <!-- test.LoginTest -->
