<?xml version="1.0" encoding="UTF-8"?>
<!-- Generated by org.testng.reporters.JUnitReportReporter -->
<testsuite skipped="0" hostname="MSI" name="test.AddContactTest" tests="1" failures="0" timestamp="2022-08-22T22:07:47 GMT-05:00" time="18.263" errors="0">
  <testcase name="validUserShouldBeAbleToAddContact" time="18.263" classname="test.AddContactTest"/>
  <system-out/>
</testsuite> <!-- test.AddContactTest -->
