<?xml version="1.0" encoding="UTF-8"?>
<!-- Generated by org.testng.reporters.JUnitReportReporter -->
<testsuite skipped="0" hostname="MSI" name="test.AddDepositTest" tests="1" failures="0" timestamp="2022-08-22T22:02:06 GMT-05:00" time="13.704" errors="0">
  <testcase name="validUserShouldBeAbleToAddDeposit" time="13.704" classname="test.AddDepositTest"/>
  <system-out/>
</testsuite> <!-- test.AddDepositTest -->
